<?xml version="1.0" encoding="UTF-8"?>
<!-- Generated by org.testng.reporters.JUnitReportReporter -->
<testsuite hostname="Sanjais-Air.station" failures="0" tests="4" name="api.test.UserTests2" time="3.389" errors="0" timestamp="2024-11-26T13:11:49 GMT" skipped="0">
  <testcase classname="api.test.UserTests2" name="testPostUser" time="1.303"/>
  <testcase classname="api.test.UserTests2" name="testGetUserByName" time="0.539"/>
  <testcase classname="api.test.UserTests2" name="testUpdateUser" time="1.029"/>
  <testcase classname="api.test.UserTests2" name="testDeleteUserByName" time="0.518"/>
</testsuite> <!-- api.test.UserTests2 -->
